<?xml version="1.0" encoding="UTF-8"?>
<!-- Generated by org.testng.reporters.JUnitXMLReporter -->
<testsuite ignored="2" hostname="Rehan" failures="1" tests="3" name="Test" time="28.675" errors="0" timestamp="2024-02-12T18:42:17 IST">
  <testcase classname="com.BlazeDemo.testcases.TC_checkTitle" name="testTitle" time="2.713">
    <failure type="java.lang.AssertionError" message="expected [true] but found [false]">
      <![CDATA[java.lang.AssertionError: expected [true] but found [false]
at com.BlazeDemo.testcases.TC_checkTitle.testTitle(TC_checkTitle.java:27)
at java.base/java.util.ArrayList.forEach(ArrayList.java:1511)
... Removed 31 stack frames]]>
    </failure>
  </testcase> <!-- testTitle -->
  <testcase classname="com.BlazeDemo.testcases.TC_bookingTicket" name="ticketBooking" time="14.444"/>
  <testcase classname="com.BlazeDemo.testcases.TC_vacationPage" name="testVacationPage" time="9.869"/>
  <testcase classname="com.BlazeDemo.testcases.BaseClass" name="@BeforeTest setup" time="0.0">
    <ignored/>
  </testcase> <!-- @BeforeTest setup -->
  <testcase classname="com.BlazeDemo.testcases.BaseClass" name="@BeforeTest setup" time="0.0">
    <ignored/>
  </testcase> <!-- @BeforeTest setup -->
</testsuite> <!-- Test -->
